Arguments: 
  /usr/local/Cellar/node/14.13.0/bin/node /usr/local/Cellar/yarn/1.22.5/libexec/bin/yarn.js

PATH: 
  /usr/local/bin:/usr/bin:/bin:/usr/sbin:/sbin:/usr/local/share/dotnet:/opt/X11/bin:~/.dotnet/tools:/Library/Apple/usr/bin:/Library/Frameworks/Mono.framework/Versions/Current/Commands

Yarn version: 
  1.22.5

Node version: 
  14.13.0

Platform: 
  darwin x64

Trace: 
  SyntaxError: /Users/mateusz/Desktop/kacperjanik/package.json: Unexpected string in JSON at position 292
      at JSON.parse (<anonymous>)
      at /usr/local/Cellar/yarn/1.22.5/libexec/lib/cli.js:1625:59
      at Generator.next (<anonymous>)
      at step (/usr/local/Cellar/yarn/1.22.5/libexec/lib/cli.js:310:30)
      at /usr/local/Cellar/yarn/1.22.5/libexec/lib/cli.js:321:13

npm manifest: 
  {
    "name": "kacperjanik",
    "version": "1.0.0",
    "description": "Simple website for a fitness trainer written in React.js.",
    "main": "index.js",
    "repository": "https://github.com/bronisMateusz/kacperjanik",
    "author": "bronisMateusz <mateusz.bronis99@gmail.com>",
    "license": "MIT"
    "scripts": {
      "start": "react-scripts start",
      "build": "react-scripts build"
    }
  }

yarn manifest: 
  No manifest

Lockfile: 
  # THIS IS AN AUTOGENERATED FILE. DO NOT EDIT THIS FILE DIRECTLY.
  # yarn lockfile v1
